6	4	car_train_s_000043.png
16	0	bike_s_000682.png
30	0	bike_s_000127.png
47	4	train_s_001640.png
130	0	cycle_s_002598.png
152	2	minibike_s_000824.png
195	2	motorcycle_s_001856.png
219	0	bicycle_s_000537.png
230	4	train_s_002155.png
231	4	train_s_000511.png
240	1	school_bus_s_001438.png
251	2	moped_s_000169.png
252	2	motorcycle_s_001453.png
276	4	railroad_train_s_000200.png
286	1	bus_s_000314.png
298	0	safety_bike_s_000482.png
370	2	dirt_bike_s_000124.png
378	3	pickup_s_001180.png
390	2	minibike_s_001863.png
392	2	minibike_s_001177.png
404	3	pickup_s_001808.png
408	2	motorcycle_s_001792.png
421	1	school_bus_s_000236.png
427	1	minibus_s_001401.png
451	3	pickup_s_000169.png
452	4	train_s_001419.png
465	3	pickup_s_000872.png
540	4	train_s_001132.png
560	2	minibike_s_001969.png
575	0	velocipede_s_001585.png
576	2	moped_s_000035.png
584	4	train_s_001394.png
663	0	bike_s_000256.png
682	2	minibike_s_000571.png
694	1	school_bus_s_000957.png
723	1	school_bus_s_001733.png
746	4	car_train_s_000082.png
785	2	motorcycle_s_001119.png
786	1	minibus_s_000262.png
791	4	train_s_000625.png
806	3	pickup_s_000479.png
839	2	moped_s_000009.png
921	0	ordinary_bicycle_s_000023.png
922	2	motorcycle_s_001693.png
963	3	pickup_truck_s_001463.png
964	0	safety_bicycle_s_001570.png
984	0	safety_bike_s_000989.png
996	0	bicycle_s_001673.png
1023	0	ordinary_bicycle_s_000100.png
1034	4	freight_train_s_000258.png
1074	4	freight_train_s_000014.png
1095	4	train_s_001867.png
1108	4	railroad_train_s_001013.png
1114	0	bike_s_000544.png
1115	4	train_s_002961.png
1132	2	motorcycle_s_001368.png
1138	1	school_bus_s_001136.png
1141	4	freight_train_s_000116.png
1158	0	bicycle_s_000392.png
1161	1	school_bus_s_000309.png
1170	2	motorbike_s_000221.png
1171	4	freight_train_s_000188.png
1176	1	bus_s_000223.png
1179	3	pickup_s_000232.png
1211	3	pickup_truck_s_000832.png
1255	0	safety_bike_s_000311.png
1276	3	pickup_s_000230.png
1277	4	train_s_001011.png
1287	1	school_bus_s_001613.png
1290	0	cycle_s_001745.png
1334	2	motorcycle_s_002030.png
1357	2	motorcycle_s_000074.png
1362	0	cycle_s_002978.png
1363	3	pickup_truck_s_001653.png
1364	3	pickup_s_001000.png
1422	3	pickup_truck_s_000013.png
1457	0	bike_s_001679.png
1476	4	train_s_001262.png
1497	4	railroad_train_s_001544.png
1502	4	railroad_train_s_001459.png
1555	0	bicycle_s_000536.png
1564	0	bike_s_000926.png
1573	4	train_s_002956.png
1596	3	pickup_s_001135.png
1603	4	train_s_000155.png
1607	4	railroad_train_s_000825.png
1644	2	motorcycle_s_000070.png
1649	4	train_s_001639.png
1685	4	train_s_001522.png
1686	4	car_train_s_002188.png
1740	3	pickup_s_000234.png
1744	4	train_s_001888.png
1746	1	bus_s_002688.png
1747	0	safety_bicycle_s_000655.png
1779	1	bus_s_000069.png
1817	1	bus_s_000124.png
1818	0	safety_bicycle_s_000427.png
1832	3	pickup_s_002116.png
1839	3	pickup_truck_s_001411.png
1841	2	minibike_s_000324.png
1868	3	pickup_truck_s_002064.png
1885	2	minibike_s_001631.png
1907	1	trolleybus_s_000072.png
1933	3	pickup_s_000229.png
1942	2	motorcycle_s_000629.png
1956	4	car_train_s_000062.png
1964	2	motorcycle_s_000605.png
1965	2	motorcycle_s_001973.png
1984	1	bus_s_000193.png
1991	1	minibus_s_001740.png
2010	0	bike_s_000555.png
2030	3	pickup_s_001173.png
2034	4	train_s_001243.png
2079	0	bicycle_s_002762.png
2105	0	bicycle_s_000778.png
2163	0	bike_s_001613.png
2296	2	motorcycle_s_001180.png
2314	4	train_s_002560.png
2319	2	minibike_s_001279.png
2396	3	pickup_truck_s_000629.png
2427	4	train_s_003030.png
2436	3	pickup_truck_s_001586.png
2471	1	trolleybus_s_000217.png
2480	4	railroad_train_s_001745.png
2499	2	minibike_s_000451.png
2525	2	motorbike_s_000346.png
2563	3	pickup_truck_s_001625.png
2568	3	pickup_truck_s_002092.png
2598	2	minibike_s_000117.png
2599	0	bicycle_s_001448.png
2626	1	minibus_s_000544.png
2631	3	pickup_s_001786.png
2646	3	pickup_s_001376.png
2654	1	minibus_s_000309.png
2691	1	trolleybus_s_000096.png
2696	1	minibus_s_000649.png
2714	4	train_s_001628.png
2750	3	pickup_truck_s_000012.png
2788	3	pickup_s_001806.png
2790	2	motorcycle_s_000790.png
2825	4	train_s_000272.png
2826	3	pickup_s_000328.png
2838	0	bicycle_s_002373.png
2847	4	freight_train_s_000083.png
2852	0	safety_bicycle_s_001202.png
2865	1	bus_s_000335.png
2867	3	pickup_truck_s_000968.png
2874	3	pickup_truck_s_000609.png
2875	3	pickup_s_000313.png
2937	3	pickup_s_001534.png
2944	1	bus_s_000027.png
2952	2	motorcycle_s_000001.png
2973	0	bike_s_001882.png
3051	3	pickup_s_001970.png
3053	0	bike_s_001113.png
3096	1	minibus_s_000839.png
3135	3	pickup_truck_s_001178.png
3140	4	car_train_s_000308.png
3159	3	pickup_truck_s_000145.png
3162	2	minibike_s_000362.png
3164	4	railroad_train_s_000047.png
3187	1	minibus_s_000730.png
3205	4	train_s_001646.png
3228	0	cycle_s_000718.png
3246	3	pickup_truck_s_000415.png
3247	3	pickup_truck_s_000467.png
3267	1	bus_s_000337.png
3286	0	velocipede_s_001338.png
3300	1	school_bus_s_002243.png
3308	4	freight_train_s_000023.png
3337	3	pickup_truck_s_002240.png
3442	4	freight_train_s_000079.png
3450	3	pickup_s_002004.png
3452	4	train_s_001594.png
3464	2	minibike_s_001972.png
3485	4	freight_train_s_000209.png
3521	3	pickup_s_001730.png
3528	1	minibus_s_001662.png
3536	1	minibus_s_000414.png
3566	0	ordinary_bicycle_s_000107.png
3574	2	motorcycle_s_000776.png
3584	0	safety_bike_s_000934.png
3597	0	bicycle_s_002218.png
3616	0	safety_bicycle_s_001240.png
3621	1	bus_s_000520.png
3637	1	minibus_s_000910.png
3652	3	pickup_s_000888.png
3653	0	ordinary_bicycle_s_000355.png
3668	1	bus_s_000041.png
3676	2	motorcycle_s_000454.png
3720	1	trolleybus_s_000167.png
3736	4	freight_train_s_000220.png
3747	3	pickup_truck_s_001180.png
3798	1	bus_s_000066.png
3803	1	minibus_s_000930.png
3817	2	motorcycle_s_000245.png
3843	4	railroad_train_s_001449.png
3908	1	minibus_s_000275.png
3912	3	pickup_truck_s_000172.png
3916	3	pickup_s_002171.png
3923	2	minibike_s_000743.png
3932	4	train_s_000512.png
3954	0	safety_bike_s_000830.png
3974	4	train_s_000394.png
3982	4	railroad_train_s_001079.png
3994	4	car_train_s_001198.png
4015	3	pickup_s_001768.png
4025	4	train_s_001895.png
4027	2	minibike_s_001573.png
4036	2	motorbike_s_000141.png
4060	3	pickup_truck_s_002468.png
4062	4	railroad_train_s_000752.png
4097	2	minibike_s_000652.png
4116	4	car_train_s_001787.png
4121	3	pickup_truck_s_002517.png
4152	4	railroad_train_s_000173.png
4157	1	bus_s_000401.png
4197	2	motorbike_s_000058.png
4204	3	pickup_s_000438.png
4206	1	bus_s_003139.png
4207	0	bicycle_s_000279.png
4212	0	safety_bike_s_001608.png
4214	4	train_s_002432.png
4221	0	bicycle_s_000522.png
4263	4	train_s_001887.png
4291	0	bicycle_s_002569.png
4320	0	bicycle_s_000829.png
4323	4	train_s_000761.png
4338	3	pickup_truck_s_001686.png
4347	3	pickup_s_000707.png
4359	1	bus_s_000013.png
4367	0	velocipede_s_000586.png
4416	2	dirt_bike_s_000017.png
4437	0	cycle_s_001640.png
4448	0	bicycle_s_000282.png
4470	3	pickup_s_001398.png
4478	2	motorcycle_s_000713.png
4509	2	bike_s_000035.png
4581	4	freight_train_s_000155.png
4600	0	bike_s_000299.png
4654	2	minibike_s_002198.png
4675	3	pickup_truck_s_000138.png
4690	0	safety_bicycle_s_001253.png
4693	2	minibike_s_000110.png
4725	4	train_s_001420.png
4760	4	railroad_train_s_001786.png
4779	2	motorcycle_s_001370.png
4803	2	motorcycle_s_001363.png
4838	0	ordinary_bicycle_s_000060.png
4843	3	pickup_truck_s_001353.png
4880	2	minibike_s_001653.png
4898	3	pickup_truck_s_000773.png
4900	0	bicycle_s_001338.png
4911	0	cycle_s_002053.png
4921	0	velocipede_s_001056.png
4931	1	minibus_s_000085.png
4950	1	minibus_s_000215.png
4957	2	minibike_s_000402.png
4997	2	motorbike_s_000124.png
5001	0	cycle_s_002638.png
5010	3	pickup_s_000161.png
5033	0	velocipede_s_000949.png
5051	3	pickup_s_000239.png
5058	1	minibus_s_000237.png
5070	4	boat_train_s_000956.png
5083	4	car_train_s_000272.png
5108	1	bus_s_000442.png
5112	4	car_train_s_000279.png
5123	3	pickup_truck_s_000836.png
5126	4	train_s_002422.png
5136	1	minibus_s_001155.png
5147	1	bus_s_000136.png
5152	0	safety_bike_s_000921.png
5175	1	school_bus_s_000173.png
5176	3	pickup_truck_s_000202.png
5179	4	railroad_train_s_001367.png
5213	0	ordinary_bicycle_s_000297.png
5222	4	train_s_001956.png
5243	1	bus_s_000522.png
5256	3	pickup_s_000948.png
5268	3	pickup_truck_s_000017.png
5304	4	train_s_002421.png
5312	2	motorcycle_s_001580.png
5313	4	train_s_000062.png
5352	0	velocipede_s_000139.png
5375	0	bicycle_s_000561.png
5386	0	ordinary_bicycle_s_000161.png
5389	4	train_s_000015.png
5403	2	minibike_s_000518.png
5411	1	minibus_s_001648.png
5522	4	car_train_s_000014.png
5551	2	motorcycle_s_000167.png
5566	0	cycle_s_000318.png
5588	0	velocipede_s_001958.png
5611	3	pickup_s_000954.png
5612	1	bus_s_000233.png
5627	1	minibus_s_000038.png
5638	4	train_s_001418.png
5640	0	ordinary_bicycle_s_000201.png
5757	0	bike_s_001462.png
5759	0	bicycle_s_000437.png
5763	1	school_bus_s_001651.png
5771	3	pickup_truck_s_002657.png
5830	0	velocipede_s_000825.png
5837	1	minibus_s_002088.png
5839	1	bus_s_001893.png
5866	0	safety_bike_s_000100.png
5881	1	minibus_s_001550.png
5882	2	minibike_s_000654.png
5886	0	bicycle_s_000021.png
5889	3	pickup_truck_s_000647.png
5897	3	pickup_s_002173.png
5925	4	freight_train_s_000308.png
5942	1	minibus_s_000735.png
5971	3	pickup_s_000794.png
5975	2	moped_s_000030.png
5981	1	minibus_s_001966.png
5998	3	pickup_truck_s_000620.png
6011	3	pickup_truck_s_001431.png
6070	0	velocipede_s_001142.png
6084	2	motorbike_s_000117.png
6092	0	ordinary_bicycle_s_000036.png
6101	4	car_train_s_000208.png
6110	4	train_s_001372.png
6114	4	boat_train_s_000782.png
6123	2	motorcycle_s_000787.png
6134	1	school_bus_s_000258.png
6171	3	pickup_s_000321.png
6190	1	minibus_s_001170.png
6213	3	pickup_s_000059.png
6222	0	bike_s_000516.png
6252	2	motorcycle_s_000256.png
6265	1	school_bus_s_000538.png
6293	0	bicycle_s_002299.png
6330	0	velocipede_s_001883.png
6333	2	motorcycle_s_002143.png
6354	1	bus_s_000325.png
6386	0	cycle_s_000899.png
6390	4	train_s_000383.png
6408	1	bus_s_000019.png
6423	3	pickup_s_000705.png
6428	4	railroad_train_s_000520.png
6452	4	boat_train_s_000505.png
6476	3	pickup_s_000242.png
6519	0	bicycle_s_002436.png
6529	1	trolleybus_s_000239.png
6540	0	safety_bicycle_s_000255.png
6566	4	car_train_s_001481.png
6577	4	train_s_000413.png
6637	1	trolleybus_s_000006.png
6643	4	car_train_s_001424.png
6665	1	bus_s_002127.png
6682	4	railroad_train_s_000883.png
6687	2	minibike_s_000565.png
6701	0	bike_s_000034.png
6710	2	motorcycle_s_001064.png
6717	3	pickup_truck_s_000980.png
6718	2	minibike_s_001017.png
6733	2	motorbike_s_000172.png
6741	2	motorcycle_s_000923.png
6770	3	pickup_truck_s_001580.png
6779	3	pickup_truck_s_002564.png
6780	3	pickup_s_001915.png
6796	4	train_s_000203.png
6805	3	pickup_truck_s_000699.png
6818	4	train_s_000330.png
6832	0	cycle_s_000583.png
6836	4	train_s_000896.png
6853	2	motorcycle_s_000991.png
6870	2	motorbike_s_000541.png
6882	4	car_train_s_000689.png
6895	2	motorcycle_s_001303.png
6903	0	safety_bike_s_000567.png
6915	3	pickup_s_000704.png
6941	4	train_s_000382.png
6960	3	pickup_s_000226.png
6999	4	railroad_train_s_000129.png
7001	3	pickup_truck_s_002147.png
7008	3	pickup_s_001757.png
7012	3	pickup_truck_s_002618.png
7026	2	minibike_s_000350.png
7070	2	motorcycle_s_001905.png
7078	4	freight_train_s_000101.png
7101	0	bicycle_s_001247.png
7105	0	bicycle_s_001693.png
7119	0	bicycle_s_002258.png
7120	0	safety_bike_s_001552.png
7137	0	cycle_s_002651.png
7150	3	pickup_truck_s_000682.png
7161	0	bicycle_s_000759.png
7185	2	motorcycle_s_001176.png
7195	1	bus_s_000431.png
7222	3	pickup_s_000608.png
7223	1	bus_s_000450.png
7229	0	ordinary_bicycle_s_000432.png
7253	2	minibike_s_000526.png
7255	0	safety_bicycle_s_001049.png
7268	1	bus_s_000017.png
7274	4	train_s_001151.png
7282	2	minibike_s_001827.png
7286	0	bike_s_001072.png
7305	3	pickup_s_002194.png
7326	3	pickup_s_001456.png
7352	4	train_s_002031.png
7362	0	bike_s_001876.png
7369	4	train_s_000092.png
7392	4	railroad_train_s_000856.png
7397	1	bus_s_000154.png
7408	3	pickup_s_001474.png
7411	1	minibus_s_000774.png
7422	1	minibus_s_001302.png
7504	4	train_s_000740.png
7505	2	minibike_s_001511.png
7509	1	bus_s_000024.png
7512	4	train_s_001279.png
7517	0	bike_s_000237.png
7572	1	minibus_s_001967.png
7650	2	motorbike_s_000254.png
7699	0	bicycle_s_000180.png
7715	0	safety_bicycle_s_000359.png
7717	4	freight_train_s_000225.png
7719	2	motorcycle_s_000220.png
7726	4	train_s_002158.png
7728	4	car_train_s_001942.png
7732	2	motorcycle_s_002225.png
7734	4	train_s_001237.png
7843	3	pickup_truck_s_001981.png
7848	3	pickup_s_001200.png
7882	3	pickup_s_002104.png
7892	4	train_s_001856.png
7896	2	minibike_s_001185.png
7899	1	bus_s_000454.png
7902	3	pickup_s_002199.png
7928	3	pickup_truck_s_001978.png
7934	4	train_s_000221.png
7943	2	motorcycle_s_000025.png
7946	0	safety_bike_s_000058.png
7950	1	minibus_s_001386.png
7953	4	railroad_train_s_001781.png
7976	2	dirt_bike_s_000030.png
7977	1	minibus_s_001775.png
8013	1	bus_s_000015.png
8090	1	minibus_s_001590.png
8101	3	technical_s_000046.png
8119	3	pickup_s_001919.png
8135	3	pickup_s_000256.png
8138	2	minibike_s_002009.png
8153	0	bicycle_s_000753.png
8182	3	pickup_truck_s_000713.png
8191	0	safety_bicycle_s_001320.png
8200	3	pickup_s_001890.png
8203	1	minibus_s_000710.png
8209	2	motorcycle_s_001287.png
8222	0	ordinary_bicycle_s_000451.png
8236	3	pickup_s_000960.png
8247	2	minibike_s_000885.png
8277	1	bus_s_000906.png
8322	2	motorcycle_s_000418.png
8355	0	velocipede_s_000282.png
8357	1	bus_s_000818.png
8408	0	cycle_s_001474.png
8418	4	car_train_s_000101.png
8419	3	pickup_s_001294.png
8420	3	pickup_truck_s_001554.png
8509	0	bicycle_s_000667.png
8533	2	minibike_s_001546.png
8545	0	bicycle_s_001452.png
8579	2	motorcycle_s_000978.png
8585	2	motorcycle_s_000447.png
8595	2	minibike_s_000146.png
8600	1	minibus_s_001329.png
8635	3	pickup_s_002145.png
8657	2	motorcycle_s_000300.png
8665	1	bus_s_000099.png
8674	0	safety_bicycle_s_001381.png
8715	0	bike_s_001519.png
8740	2	minibike_s_001689.png
8744	0	bike_s_001320.png
8779	4	railroad_train_s_000004.png
8780	0	bike_s_000722.png
8797	2	motorcycle_s_000508.png
8827	3	pickup_truck_s_002112.png
8868	2	motorcycle_s_002105.png
8885	2	minibike_s_000165.png
8892	1	minibus_s_001887.png
8915	3	pickup_truck_s_001251.png
8932	1	school_bus_s_000517.png
8933	0	cycle_s_002703.png
8954	4	train_s_003061.png
8988	3	pickup_truck_s_001252.png
9006	0	ordinary_bicycle_s_000216.png
9007	3	pickup_s_000308.png
9035	2	motorcycle_s_001610.png
9039	1	minibus_s_000605.png
9066	0	cycle_s_002779.png
9074	0	bicycle_s_000668.png
9089	2	minibike_s_002186.png
9094	0	bike_s_002118.png
9101	0	safety_bike_s_001472.png
9132	0	ordinary_bicycle_s_000016.png
9137	2	motorcycle_s_001384.png
9149	1	minibus_s_000950.png
9199	2	motorcycle_s_000431.png
9228	4	train_s_001661.png
9230	0	bike_s_000302.png
9241	4	car_train_s_001096.png
9317	0	velocipede_s_000659.png
9328	2	motorcycle_s_001585.png
9356	0	bike_s_001027.png
9383	4	boat_train_s_000950.png
9427	1	minibus_s_002110.png
9439	0	bicycle_s_000396.png
9455	2	minibike_s_000149.png
9518	0	velocipede_s_000702.png
9524	4	train_s_000142.png
9534	0	ordinary_bicycle_s_000155.png
9540	3	pickup_truck_s_000642.png
9559	3	pickup_truck_s_002729.png
9572	0	cycle_s_003122.png
9578	1	school_bus_s_001199.png
9599	3	pickup_s_000748.png
9601	2	motorbike_s_000021.png
9614	0	safety_bicycle_s_001026.png
9615	0	bike_s_001375.png
9627	1	trolleybus_s_000258.png
9631	3	pickup_truck_s_000394.png
9650	0	safety_bicycle_s_000533.png
9657	0	bike_s_000021.png
9663	1	minibus_s_001842.png
9675	3	pickup_s_001406.png
9687	4	railroad_train_s_000405.png
9743	2	minibike_s_000968.png
9797	2	minibike_s_001873.png
9827	0	bicycle_s_000463.png
9893	3	pickup_s_000827.png
9954	1	minibus_s_001323.png
9959	3	pickup_truck_s_001449.png
9972	0	bike_s_001839.png
9988	3	pickup_s_000138.png
10000	2	minibike_s_000340.png
10031	1	school_bus_s_000611.png
10050	2	minibike_s_000831.png
10082	4	train_s_000983.png
10083	2	motorcycle_s_001273.png
10091	2	motorcycle_s_000807.png
10098	0	bicycle_s_000156.png
10106	4	train_s_000249.png
10129	2	motorcycle_s_000732.png
10130	1	minibus_s_001767.png
10170	3	pickup_truck_s_000023.png
10173	4	train_s_000032.png
10174	4	freight_train_s_000117.png
10181	3	pickup_truck_s_001531.png
10196	4	train_s_001839.png
10242	1	minibus_s_001032.png
10298	1	trolleybus_s_000026.png
10325	1	bus_s_000043.png
10327	3	pickup_s_000890.png
10346	4	railroad_train_s_000972.png
10362	1	bus_s_000443.png
10377	2	dirt_bike_s_000119.png
10378	3	pickup_truck_s_000772.png
10399	1	school_bus_s_000382.png
10468	0	bicycle_s_000231.png
10477	0	ordinary_bicycle_s_000056.png
10482	4	railroad_train_s_001738.png
10504	0	ordinary_bicycle_s_000022.png
10515	4	railroad_train_s_000938.png
10523	0	safety_bicycle_s_001243.png
10535	1	minibus_s_001731.png
10537	3	pickup_truck_s_002005.png
10557	2	motorcycle_s_000894.png
10571	2	motorcycle_s_001397.png
10597	4	car_train_s_001565.png
10608	2	motorcycle_s_000542.png
10615	1	bus_s_002263.png
10620	2	motorcycle_s_000834.png
10632	2	motorcycle_s_001238.png
10658	1	bus_s_000030.png
10665	2	minibike_s_000567.png
10685	3	pickup_truck_s_001684.png
10735	1	bus_s_000029.png
10741	2	minibike_s_001512.png
10751	1	bus_s_000289.png
10762	0	bike_s_001945.png
10769	3	pickup_truck_s_002258.png
10794	0	cycle_s_003148.png
10798	0	safety_bicycle_s_000019.png
10804	3	pickup_truck_s_001426.png
10810	4	freight_train_s_000021.png
10824	4	freight_train_s_000082.png
10842	4	train_s_001653.png
10848	1	minibus_s_000068.png
10866	3	pickup_s_000604.png
10871	4	car_train_s_000398.png
10879	4	railroad_train_s_001554.png
10885	3	pickup_s_001088.png
10892	4	train_s_001016.png
10895	4	car_train_s_000562.png
10922	4	train_s_000025.png
10951	0	safety_bicycle_s_000167.png
10952	1	bus_s_000980.png
10960	4	railroad_train_s_000206.png
11029	3	pickup_s_001114.png
11071	3	pickup_truck_s_001784.png
11080	2	motorcycle_s_001407.png
11102	4	train_s_001779.png
11103	3	pickup_truck_s_001806.png
11106	0	velocipede_s_001225.png
11108	4	car_train_s_000563.png
11174	2	moped_s_000168.png
11229	0	bicycle_s_000071.png
11248	3	pickup_s_000598.png
11262	2	minibike_s_002030.png
11291	1	school_bus_s_000085.png
11298	1	school_bus_s_001464.png
11307	2	minibike_s_001294.png
11311	2	minibike_s_001767.png
11327	4	train_s_000192.png
11343	1	minibus_s_000260.png
11358	4	car_train_s_001109.png
11381	0	safety_bike_s_000984.png
11383	0	bicycle_s_000782.png
11386	3	pickup_truck_s_001447.png
11388	0	ordinary_bicycle_s_000095.png
11395	1	minibus_s_001796.png
11425	4	boat_train_s_000018.png
11451	0	cycle_s_001286.png
11562	4	train_s_000446.png
11581	4	train_s_000065.png
11592	1	school_bus_s_001954.png
11617	0	bike_s_001116.png
11625	2	motorcycle_s_002065.png
11641	3	pickup_truck_s_001647.png
11653	0	ordinary_bicycle_s_000433.png
11708	2	motorcycle_s_002221.png
11717	0	safety_bike_s_000054.png
11733	1	bus_s_000587.png
11751	0	bicycle_s_001174.png
11789	0	bicycle_s_002222.png
11815	1	minibus_s_001318.png
11819	0	velocipede_s_001361.png
11821	3	pickup_truck_s_001191.png
11834	1	bus_s_000334.png
11861	4	train_s_000862.png
11870	1	bus_s_002222.png
11955	0	safety_bike_s_001012.png
11966	3	pickup_s_001565.png
11975	2	minibike_s_000244.png
12018	3	pickup_s_000451.png
12023	0	bicycle_s_000861.png
12058	2	minibike_s_000566.png
12091	1	bus_s_000706.png
12130	2	motorcycle_s_001244.png
12139	3	pickup_s_001748.png
12150	4	train_s_003138.png
12188	0	bicycle_s_002715.png
12219	3	pickup_truck_s_001915.png
12231	0	safety_bike_s_000963.png
12232	4	car_train_s_001873.png
12265	2	motorcycle_s_001765.png
12296	0	velocipede_s_000021.png
12299	4	train_s_001116.png
12305	3	pickup_s_001956.png
12308	3	pickup_truck_s_000876.png
12351	3	pickup_truck_s_000960.png
12360	3	pickup_s_001779.png
12379	1	minibus_s_002135.png
12387	4	railroad_train_s_000294.png
12420	4	railroad_train_s_001662.png
12449	3	pickup_truck_s_002033.png
12452	1	bus_s_003081.png
12466	1	bus_s_001944.png
12484	4	train_s_000009.png
12556	4	train_s_000842.png
12580	4	train_s_001545.png
12624	4	train_s_000031.png
12633	2	motorcycle_s_000580.png
12637	4	boat_train_s_000958.png
12644	3	pickup_truck_s_001574.png
12655	1	bus_s_000164.png
12657	3	pickup_truck_s_001688.png
12664	1	bus_s_000053.png
12685	1	bus_s_001174.png
12694	3	pickup_truck_s_000636.png
12760	3	pickup_truck_s_001668.png
12764	3	pickup_truck_s_002246.png
12767	0	bike_s_001226.png
12809	1	trolleybus_s_000255.png
12810	1	school_bus_s_000421.png
12822	2	motorcycle_s_000440.png
12827	4	railroad_train_s_000138.png
12845	2	motorcycle_s_000144.png
12857	4	train_s_002557.png
12895	3	pickup_s_000507.png
12900	1	minibus_s_002204.png
12937	1	minibus_s_001088.png
12964	0	cycle_s_002844.png
12975	1	minibus_s_000088.png
12979	1	minibus_s_001225.png
13009	2	minibike_s_000485.png
13052	3	pickup_truck_s_000126.png
13089	0	ordinary_bicycle_s_000426.png
13144	1	school_bus_s_000946.png
13171	1	minibus_s_000136.png
13185	1	bus_s_000441.png
13203	1	bus_s_002511.png
13214	1	minibus_s_000477.png
13279	2	minibike_s_002196.png
13281	3	pickup_truck_s_000331.png
13295	0	bike_s_001897.png
13298	0	cycle_s_001374.png
13306	1	bus_s_000033.png
13321	1	minibus_s_002284.png
13322	2	motorcycle_s_000585.png
13327	0	bike_s_000026.png
13329	1	bus_s_001376.png
13374	4	train_s_001340.png
13480	4	train_s_000090.png
13482	0	bicycle_s_000235.png
13490	3	pickup_truck_s_001670.png
13495	3	pickup_truck_s_001221.png
13496	1	minibus_s_001282.png
13515	4	railroad_train_s_000021.png
13520	2	minibike_s_000108.png
13532	2	motorcycle_s_000072.png
13536	1	school_bus_s_000010.png
13576	2	motorcycle_s_002234.png
13582	0	bicycle_s_000785.png
13642	2	motorcycle_s_000669.png
13684	0	bicycle_s_000051.png
13692	0	bike_s_001093.png
13716	0	velocipede_s_000049.png
13740	2	bike_s_000023.png
13762	2	motorcycle_s_001696.png
13772	0	safety_bicycle_s_001113.png
13775	3	pickup_truck_s_001539.png
13786	2	motorcycle_s_000451.png
13800	3	pickup_truck_s_002044.png
13809	0	velocipede_s_000485.png
13819	1	minibus_s_000409.png
13834	4	railroad_train_s_000622.png
13860	2	motorcycle_s_001753.png
13879	0	cycle_s_001439.png
13890	3	pickup_truck_s_001167.png
13892	4	freight_train_s_000177.png
13997	2	minibike_s_002038.png
14025	1	minibus_s_000059.png
14027	0	bicycle_s_000147.png
14063	4	car_train_s_000686.png
14067	0	cycle_s_002399.png
14093	3	pickup_s_001286.png
14125	4	railroad_train_s_000003.png
14197	2	motorcycle_s_001565.png
14254	0	bicycle_s_000159.png
14297	3	pickup_s_000222.png
14298	1	bus_s_000171.png
14299	1	trolleybus_s_000363.png
14301	1	bus_s_000155.png
14306	2	minibike_s_000035.png
14312	0	safety_bicycle_s_000239.png
14321	4	train_s_003060.png
14369	0	safety_bike_s_001640.png
14375	4	train_s_000357.png
14418	2	minibike_s_000698.png
14437	2	minibike_s_000967.png
14452	1	bus_s_000282.png
14485	0	safety_bike_s_000381.png
14496	1	bus_s_002576.png
14504	2	motorcycle_s_000216.png
14551	0	bike_s_000855.png
14563	3	pickup_s_000517.png
14623	3	pickup_truck_s_000586.png
14627	4	train_s_000454.png
14652	1	bus_s_000034.png
14679	2	motorcycle_s_001715.png
14708	4	train_s_003062.png
14715	2	motorcycle_s_002275.png
14740	1	bus_s_000078.png
14760	3	pickup_truck_s_001565.png
14783	0	safety_bike_s_001338.png
14786	0	safety_bicycle_s_001705.png
14801	3	pickup_s_000600.png
14810	4	train_s_001428.png
14854	4	car_train_s_001390.png
14856	1	school_bus_s_001665.png
14866	4	train_s_003035.png
14922	3	pickup_s_001011.png
14966	3	pickup_truck_s_002482.png
14981	3	pickup_s_000142.png
14998	1	school_bus_s_000449.png
15007	2	minibike_s_000855.png
15013	4	car_train_s_000568.png
15015	1	bus_s_000291.png
15036	0	bicycle_s_002132.png
15048	4	train_s_000284.png
15054	3	pickup_s_000131.png
15069	4	train_s_001851.png
15070	3	pickup_s_000698.png
15083	2	minibike_s_000218.png
15108	0	safety_bike_s_000178.png
15130	2	motorcycle_s_001584.png
15139	3	pickup_s_001812.png
15142	3	pickup_truck_s_002641.png
15177	0	safety_bicycle_s_000162.png
15184	3	pickup_truck_s_001654.png
15193	2	motorcycle_s_001392.png
15237	3	pickup_s_000755.png
15241	4	car_train_s_000117.png
15267	0	bicycle_s_001814.png
15302	3	pickup_s_000442.png
15312	2	motorbike_s_000362.png
15323	3	pickup_s_000505.png
15335	2	minibike_s_000519.png
15336	1	bus_s_000593.png
15349	4	railroad_train_s_001629.png
15352	2	minibike_s_001417.png
15361	0	safety_bike_s_000277.png
15385	0	cycle_s_002090.png
15398	4	railroad_train_s_000262.png
15415	4	train_s_003161.png
15431	3	pickup_s_000151.png
15444	0	bicycle_s_001168.png
15447	2	minibike_s_000498.png
15471	3	pickup_s_002045.png
15492	3	pickup_s_000103.png
15535	2	motorcycle_s_001400.png
15549	3	pickup_s_001471.png
15550	4	car_train_s_001928.png
15551	4	train_s_000167.png
15564	2	motorcycle_s_000320.png
15569	2	minibike_s_001734.png
15590	4	railroad_train_s_001041.png
15600	0	cycle_s_002659.png
15638	4	train_s_002289.png
15640	3	pickup_truck_s_000146.png
15641	0	bike_s_000990.png
15722	1	minibus_s_000765.png
15725	1	bus_s_000588.png
15733	0	velocipede_s_000358.png
15756	0	safety_bicycle_s_000568.png
15779	1	trolleybus_s_000403.png
15785	1	bus_s_001737.png
15795	1	bus_s_000021.png
15809	3	pickup_s_001109.png
15830	2	motorcycle_s_000312.png
15851	2	motorcycle_s_001686.png
15867	0	cycle_s_001472.png
15888	2	minibike_s_000064.png
15895	1	bus_s_002258.png
15913	4	railroad_train_s_001790.png
15921	3	pickup_truck_s_000097.png
15928	1	trolleybus_s_000238.png
15952	3	pickup_truck_s_000072.png
16015	0	safety_bike_s_001784.png
16053	1	minibus_s_000211.png
16093	2	motorcycle_s_002236.png
16124	2	minibike_s_000020.png
16150	2	motorcycle_s_001182.png
16185	0	bicycle_s_000781.png
16226	3	pickup_s_002275.png
16257	4	railroad_train_s_000890.png
16271	0	ordinary_bicycle_s_000167.png
16285	0	cycle_s_002666.png
16309	4	train_s_003170.png
16380	2	dirt_bike_s_000134.png
16386	3	pickup_truck_s_000201.png
16389	4	train_s_001870.png
16402	0	bike_s_000015.png
16406	1	bus_s_000036.png
16416	0	bike_s_001767.png
16417	2	motorcycle_s_001790.png
16448	0	bike_s_001915.png
16479	0	bike_s_001415.png
16497	2	motorbike_s_000578.png
16529	3	pickup_truck_s_000171.png
16565	0	safety_bicycle_s_000532.png
16568	0	ordinary_bicycle_s_000049.png
16574	2	minibike_s_001639.png
16602	1	school_bus_s_001753.png
16606	0	bike_s_000129.png
16607	1	minibus_s_000350.png
16609	2	minibike_s_001565.png
16657	3	pickup_s_001244.png
16660	0	bike_s_002203.png
16673	4	railroad_train_s_000484.png
16700	4	car_train_s_001462.png
16701	2	minibike_s_000401.png
16728	3	pickup_s_000928.png
16795	3	pickup_truck_s_001660.png
16800	0	safety_bicycle_s_001608.png
16839	0	velocipede_s_000670.png
16848	3	pickup_truck_s_002631.png
16872	4	car_train_s_000298.png
16972	4	car_train_s_000152.png
16973	3	pickup_truck_s_002635.png
17034	4	railroad_train_s_000864.png
17049	0	safety_bicycle_s_000207.png
17073	2	motorcycle_s_001853.png
17125	0	bike_s_002222.png
17129	3	pickup_truck_s_000614.png
17130	4	boat_train_s_001190.png
17160	2	motorcycle_s_000004.png
17165	2	motorcycle_s_000496.png
17220	2	motorcycle_s_001492.png
17223	1	bus_s_000110.png
17250	0	bike_s_001761.png
17257	0	velocipede_s_001299.png
17287	1	minibus_s_000760.png
17308	3	pickup_s_000011.png
17310	0	bike_s_000040.png
17312	4	freight_train_s_000358.png
17339	4	car_train_s_000577.png
17357	3	pickup_truck_s_002457.png
17363	4	railroad_train_s_001671.png
17372	4	train_s_001496.png
17373	0	cycle_s_003162.png
17374	3	pickup_s_001461.png
17379	0	velocipede_s_001880.png
17397	3	pickup_truck_s_000834.png
17420	4	freight_train_s_000222.png
17425	4	train_s_001934.png
17471	0	bike_s_002139.png
17481	0	bicycle_s_001583.png
17517	0	safety_bicycle_s_001706.png
17540	0	bike_s_001200.png
17597	3	pickup_truck_s_000162.png
17648	2	motorcycle_s_000699.png
17651	1	minibus_s_001689.png
17662	3	pickup_truck_s_001696.png
17720	3	pickup_truck_s_002439.png
17730	0	cycle_s_000492.png
17731	4	car_train_s_000559.png
17782	1	bus_s_000079.png
17848	1	minibus_s_000279.png
17912	3	pickup_s_001482.png
17921	4	train_s_000718.png
17938	4	railroad_train_s_000934.png
17960	4	car_train_s_000943.png
17971	0	cycle_s_000222.png
17988	2	motorcycle_s_002162.png
17997	1	minibus_s_000627.png
18020	2	minibike_s_000409.png
18121	4	railroad_train_s_000702.png
18164	0	cycle_s_001735.png
18197	4	train_s_000712.png
18232	0	bike_s_000657.png
18284	3	pickup_truck_s_001683.png
18285	1	minibus_s_000122.png
18290	1	minibus_s_000347.png
18292	3	pickup_s_001162.png
18322	0	safety_bike_s_000643.png
18327	0	bike_s_000506.png
18334	1	bus_s_000514.png
18339	4	boat_train_s_001188.png
18364	3	pickup_truck_s_001509.png
18365	1	trolleybus_s_000103.png
18429	4	train_s_002966.png
18462	2	minibike_s_001348.png
18481	1	minibus_s_001729.png
18494	4	freight_train_s_000164.png
18504	1	bus_s_000158.png
18518	2	moped_s_000065.png
18524	3	pickup_truck_s_001408.png
18556	0	bicycle_s_002729.png
18601	4	train_s_002958.png
18653	3	pickup_truck_s_001137.png
18664	0	bicycle_s_001687.png
18671	0	bicycle_s_002338.png
18776	4	freight_train_s_000226.png
18787	2	motorcycle_s_000459.png
18794	0	bike_s_000593.png
18796	0	velocipede_s_001422.png
18822	3	pickup_s_000129.png
18831	0	ordinary_bicycle_s_000347.png
18880	4	train_s_000248.png
18892	2	minibike_s_001870.png
18951	0	bicycle_s_001757.png
18958	4	train_s_000510.png
18964	3	pickup_s_000021.png
18976	1	minibus_s_002187.png
18986	4	railroad_train_s_000369.png
18995	2	motorcycle_s_001016.png
19015	2	motorbike_s_000041.png
19021	0	bike_s_000522.png
19064	1	bus_s_002831.png
19152	0	ordinary_bicycle_s_000104.png
19154	0	bike_s_000397.png
19201	4	car_train_s_000653.png
19213	1	minibus_s_000748.png
19308	4	railroad_train_s_000812.png
19336	2	minibike_s_000802.png
19340	3	pickup_s_000416.png
19343	2	trail_bike_s_000016.png
19351	2	motorcycle_s_000686.png
19359	4	railroad_train_s_001207.png
19360	3	pickup_truck_s_000358.png
19408	4	car_train_s_000703.png
19441	4	train_s_000958.png
19445	1	bus_s_001492.png
19502	3	pickup_s_001469.png
19511	0	velocipede_s_001935.png
19518	0	safety_bike_s_000165.png
19532	2	motorbike_s_000308.png
19537	1	bus_s_002036.png
19550	3	pickup_s_000511.png
19628	0	bike_s_000018.png
19675	0	cycle_s_001976.png
19701	2	minibike_s_000741.png
19743	2	motorcycle_s_001236.png
19762	1	bus_s_000062.png
19772	1	bus_s_000519.png
19841	1	minibus_s_000715.png
19849	2	moped_s_000071.png
19925	0	bike_s_000164.png
19933	0	bike_s_001739.png
19941	0	bicycle_s_001388.png
19942	1	bus_s_001772.png
19958	0	bicycle_s_000149.png
19968	3	pickup_truck_s_000994.png
19972	2	motorcycle_s_002197.png
20010	1	bus_s_000500.png
20177	2	motorcycle_s_000277.png
20221	2	motorcycle_s_001690.png
20237	2	minibike_s_002048.png
20252	1	bus_s_000270.png
20267	2	motorcycle_s_000253.png
20285	3	pickup_s_001500.png
20308	3	pickup_truck_s_001802.png
20313	1	minibus_s_002242.png
20362	4	train_s_000001.png
20378	1	school_bus_s_000568.png
20397	0	safety_bike_s_001010.png
20429	4	railroad_train_s_000118.png
20480	4	train_s_000197.png
20498	2	motorcycle_s_000785.png
20518	4	railroad_train_s_000631.png
20524	1	bus_s_002242.png
20536	1	bus_s_000472.png
20546	4	freight_train_s_000050.png
20548	0	ordinary_bicycle_s_000387.png
20571	4	car_train_s_001877.png
20580	0	cycle_s_001309.png
20601	2	motorcycle_s_002316.png
20647	2	motorcycle_s_000340.png
20649	1	minibus_s_001414.png
20650	3	pickup_s_001300.png
20671	1	bus_s_000042.png
20677	3	pickup_truck_s_001071.png
20684	2	moped_s_000124.png
20712	2	minibike_s_001917.png
20733	0	bicycle_s_000951.png
20774	3	pickup_s_000448.png
20775	4	train_s_001681.png
20806	2	motorcycle_s_000002.png
20835	4	train_s_001417.png
20842	2	motorcycle_s_001063.png
20870	2	motorcycle_s_001641.png
20896	4	train_s_000268.png
20964	1	bus_s_000153.png
20981	1	minibus_s_000267.png
20982	0	bicycle_s_002129.png
20985	2	minibike_s_002182.png
20998	1	minibus_s_000079.png
21049	1	bus_s_000035.png
21067	2	minibike_s_000427.png
21077	2	motorcycle_s_001438.png
21089	1	bus_s_003205.png
21114	4	train_s_000083.png
21193	1	bus_s_002610.png
21251	3	pickup_truck_s_000624.png
21253	1	minibus_s_000553.png
21254	3	pickup_s_001078.png
21263	4	freight_train_s_000030.png
21295	3	pickup_truck_s_000178.png
21309	2	motorcycle_s_000126.png
21351	3	pickup_truck_s_000500.png
21352	3	pickup_truck_s_000618.png
21373	1	bus_s_000010.png
21495	3	pickup_s_000124.png
21514	4	train_s_001055.png
21529	3	pickup_s_000228.png
21533	3	pickup_s_000231.png
21584	2	minibike_s_001865.png
21596	4	freight_train_s_000307.png
21610	4	car_train_s_000668.png
21634	4	train_s_000893.png
21659	4	railroad_train_s_000726.png
21664	4	freight_train_s_000387.png
21687	2	motorcycle_s_000456.png
21710	4	railroad_train_s_000508.png
21714	1	bus_s_002358.png
21730	2	motorcycle_s_000252.png
21736	3	pickup_truck_s_000863.png
21777	1	trolleybus_s_000317.png
21808	4	car_train_s_001388.png
21921	4	train_s_002687.png
21932	4	train_s_000392.png
21944	3	pickup_s_000258.png
21945	0	bicycle_s_000043.png
21956	0	bicycle_s_001928.png
21959	0	safety_bike_s_000173.png
21969	3	pickup_truck_s_002234.png
21987	3	pickup_truck_s_000708.png
22003	2	motorcycle_s_000696.png
22004	2	motorcycle_s_001413.png
22005	0	safety_bicycle_s_001303.png
22026	2	motorcycle_s_001220.png
22028	0	safety_bicycle_s_000079.png
22086	4	train_s_002989.png
22116	0	bicycle_s_001681.png
22122	4	railroad_train_s_000341.png
22127	3	pickup_truck_s_000725.png
22173	0	cycle_s_002015.png
22187	1	trolleybus_s_000124.png
22201	4	freight_train_s_000029.png
22237	0	cycle_s_002746.png
22275	2	minibike_s_001250.png
22303	0	safety_bicycle_s_000303.png
22304	0	bike_s_000392.png
22319	4	train_s_000502.png
22331	3	pickup_truck_s_000074.png
22355	2	minibike_s_000408.png
22385	4	train_s_001314.png
22402	3	pickup_s_000716.png
22403	0	safety_bike_s_001355.png
22455	4	train_s_000900.png
22461	4	railroad_train_s_001385.png
22478	1	school_bus_s_000396.png
22480	2	motorcycle_s_000076.png
22489	3	pickup_truck_s_001483.png
22516	0	safety_bicycle_s_000322.png
22535	0	bike_s_002090.png
22541	4	railroad_train_s_000755.png
22564	2	motorcycle_s_000796.png
22565	2	motorbike_s_000225.png
22574	3	pickup_s_001119.png
22581	2	motorcycle_s_000050.png
22614	1	school_bus_s_000967.png
22636	3	pickup_truck_s_001277.png
22638	4	train_s_000089.png
22661	0	bike_s_000474.png
22673	2	motorcycle_s_000127.png
22699	2	motorcycle_s_002193.png
22706	4	railroad_train_s_000625.png
22740	4	train_s_002206.png
22748	0	bicycle_s_002374.png
22760	2	minibike_s_001558.png
22781	4	train_s_000839.png
22786	3	pickup_truck_s_001761.png
22793	0	velocipede_s_001279.png
22807	2	minibike_s_001496.png
22811	0	bicycle_s_001411.png
22816	2	minibike_s_001072.png
22831	3	pickup_truck_s_000344.png
22842	1	trolleybus_s_000002.png
22849	3	pickup_s_002200.png
22852	0	bicycle_s_001688.png
22862	0	safety_bike_s_000160.png
22875	3	pickup_s_000547.png
22900	1	minibus_s_001616.png
22914	3	pickup_truck_s_000716.png
22947	2	minibike_s_000820.png
22948	0	ordinary_bicycle_s_000298.png
22962	1	minibus_s_000307.png
22967	0	bicycle_s_000314.png
22983	2	motorcycle_s_001862.png
22994	4	train_s_000007.png
23059	3	pickup_truck_s_002771.png
23064	1	bus_s_001096.png
23098	3	pickup_s_000316.png
23158	1	school_bus_s_001211.png
23165	1	minibus_s_001892.png
23211	3	pickup_truck_s_002770.png
23227	1	minibus_s_000917.png
23228	2	minibike_s_001575.png
23265	3	pickup_s_000610.png
23274	2	minibike_s_000709.png
23291	4	railroad_train_s_001424.png
23318	3	pickup_truck_s_001063.png
23335	0	velocipede_s_000931.png
23351	0	safety_bike_s_000104.png
23417	4	train_s_000088.png
23500	4	freight_train_s_000329.png
23501	1	school_bus_s_000636.png
23537	2	motorcycle_s_001197.png
23558	3	pickup_truck_s_001628.png
23587	2	motorbike_s_000115.png
23603	0	bicycle_s_002728.png
23616	0	safety_bike_s_001474.png
23637	4	railroad_train_s_001038.png
23669	0	bike_s_002024.png
23715	0	cycle_s_000666.png
23734	4	car_train_s_001270.png
23744	2	motorcycle_s_000617.png
23763	0	safety_bike_s_000461.png
23785	1	school_bus_s_000579.png
23792	4	train_s_000021.png
23834	1	minibus_s_001207.png
23852	4	railroad_train_s_001336.png
23888	0	bike_s_001572.png
23894	3	pickup_s_002294.png
23908	2	motorcycle_s_000003.png
23962	4	railroad_train_s_000001.png
23978	1	minibus_s_002291.png
23986	0	bicycle_s_002029.png
24007	4	train_s_003149.png
24022	1	bus_s_000133.png
24097	1	bus_s_002591.png
24103	2	minibike_s_000701.png
24110	4	railroad_train_s_000480.png
24124	2	motorbike_s_000009.png
24130	2	minibike_s_001789.png
24170	2	motorcycle_s_000417.png
24182	2	motorcycle_s_000246.png
24202	1	minibus_s_000097.png
24246	2	minibike_s_000886.png
24268	3	pickup_s_001080.png
24284	2	motorcycle_s_000154.png
24313	1	school_bus_s_001492.png
24334	1	school_bus_s_000017.png
24343	2	minibike_s_001169.png
24353	1	minibus_s_000431.png
24384	4	train_s_003172.png
24411	0	cycle_s_002904.png
24412	3	pickup_s_000076.png
24426	4	railroad_train_s_001364.png
24438	3	pickup_s_000952.png
24461	2	motorcycle_s_000772.png
24467	0	velocipede_s_001158.png
24501	0	bicycle_s_002521.png
24505	2	minibike_s_001179.png
24508	1	bus_s_000002.png
24525	1	minibus_s_002051.png
24534	1	minibus_s_000742.png
24569	1	school_bus_s_001831.png
24570	0	bicycle_s_001111.png
24580	4	railroad_train_s_001176.png
24585	1	bus_s_001389.png
24606	4	freight_train_s_000279.png
24609	4	train_s_001970.png
24611	3	pickup_truck_s_001132.png
24621	1	minibus_s_001732.png
24649	1	minibus_s_000036.png
24655	0	bicycle_s_001205.png
24661	1	bus_s_000499.png
24723	0	bicycle_s_000435.png
24726	1	bus_s_003124.png
24731	4	train_s_000082.png
24739	3	pickup_truck_s_002236.png
24804	2	minibike_s_001771.png
24813	2	motorcycle_s_000545.png
24838	4	train_s_000157.png
24907	1	bus_s_000280.png
24981	3	pickup_s_000135.png
25033	2	moped_s_000004.png
25035	0	velocipede_s_001358.png
25057	1	minibus_s_002056.png
25063	1	school_bus_s_000361.png
25074	3	pickup_s_002295.png
25083	4	railroad_train_s_000819.png
25123	3	pickup_s_000914.png
25156	3	pickup_s_000988.png
25181	1	school_bus_s_001505.png
25230	2	motorcycle_s_001402.png
25254	1	minibus_s_000380.png
25299	4	train_s_001003.png
25319	2	minibike_s_001836.png
25320	2	motorcycle_s_002067.png
25326	0	bicycle_s_002012.png
25346	2	motorcycle_s_000517.png
25349	2	minibike_s_001345.png
25350	2	minibike_s_000522.png
25371	2	motorcycle_s_000700.png
25374	3	pickup_s_000141.png
25382	1	minibus_s_000581.png
25476	2	motorcycle_s_001183.png
25490	4	train_s_000084.png
25505	4	car_train_s_000281.png
25509	0	velocipede_s_001874.png
25532	3	pickup_s_001383.png
25568	0	cycle_s_003006.png
25584	2	motorcycle_s_000170.png
25594	3	pickup_s_001918.png
25640	0	ordinary_bicycle_s_000419.png
25645	2	motorcycle_s_000284.png
25734	2	motorbike_s_000035.png
25735	3	pickup_truck_s_001769.png
25738	4	railroad_train_s_000205.png
25751	3	pickup_truck_s_000953.png
25760	4	railroad_train_s_000736.png
25809	4	train_s_000086.png
25812	4	train_s_000220.png
25819	1	bus_s_000535.png
25825	4	train_s_000889.png
25837	4	train_s_002167.png
25841	3	pickup_truck_s_002364.png
25846	1	school_bus_s_001530.png
25863	2	dirt_bike_s_000005.png
25866	2	motorcycle_s_001784.png
25871	2	motorcycle_s_001848.png
25879	4	railroad_train_s_000435.png
25941	4	train_s_001430.png
25967	3	pickup_truck_s_002156.png
26026	2	minibike_s_002046.png
26050	2	motorcycle_s_002317.png
26059	1	school_bus_s_001888.png
26060	0	bike_s_001980.png
26108	0	safety_bike_s_000950.png
26114	0	bicycle_s_002237.png
26128	3	pickup_s_002231.png
26155	4	train_s_001657.png
26173	0	cycle_s_000042.png
26185	0	bike_s_000628.png
26196	4	freight_train_s_000086.png
26216	0	bike_s_000005.png
26227	3	pickup_s_002266.png
26228	0	ordinary_bicycle_s_000324.png
26233	3	pickup_truck_s_000337.png
26235	3	pickup_truck_s_000183.png
26240	3	pickup_s_002011.png
26273	1	minibus_s_000976.png
26280	3	pickup_truck_s_000200.png
26282	4	freight_train_s_000162.png
26326	2	motorcycle_s_000346.png
26343	4	freight_train_s_000008.png
26371	0	safety_bicycle_s_000789.png
26382	4	train_s_000393.png
26397	4	railroad_train_s_000542.png
26468	0	ordinary_bicycle_s_000011.png
26486	2	minibike_s_001157.png
26487	0	bike_s_000051.png
26491	2	motorcycle_s_000919.png
26515	1	bus_s_000916.png
26522	1	bus_s_001239.png
26529	0	velocipede_s_001514.png
26536	4	railroad_train_s_000703.png
26545	3	pickup_truck_s_001187.png
26549	0	bike_s_001592.png
26619	1	minibus_s_002278.png
26635	0	ordinary_bicycle_s_000066.png
26644	1	minibus_s_001552.png
26648	0	bicycle_s_001470.png
26656	4	train_s_002426.png
26667	1	bus_s_000290.png
26670	1	bus_s_000354.png
26700	4	car_train_s_001576.png
26743	3	pickup_s_000238.png
26808	4	car_train_s_001253.png
26832	4	railroad_train_s_000787.png
26857	3	pickup_truck_s_000388.png
26875	4	railroad_train_s_001232.png
26890	2	motorcycle_s_001695.png
26944	2	motorcycle_s_001215.png
26948	0	bike_s_002098.png
26971	0	bike_s_001928.png
26978	4	car_train_s_001154.png
26996	3	pickup_truck_s_000196.png
27002	1	school_bus_s_001405.png
27008	0	bicycle_s_001748.png
27010	1	minibus_s_001910.png
27016	4	train_s_002923.png
27034	3	pickup_s_000380.png
27064	4	train_s_000022.png
27116	4	train_s_001383.png
27125	2	motorcycle_s_001520.png
27128	1	trolleybus_s_000106.png
27132	3	pickup_s_000054.png
27134	0	safety_bicycle_s_000728.png
27154	2	motorcycle_s_000925.png
27155	1	school_bus_s_001857.png
27186	4	train_s_000051.png
27194	4	train_s_002159.png
27198	0	safety_bike_s_000914.png
27218	1	bus_s_002594.png
27219	0	safety_bike_s_001659.png
27231	3	pickup_truck_s_000288.png
27233	0	safety_bike_s_000155.png
27235	1	bus_s_000324.png
27236	1	bus_s_002759.png
27274	0	bicycle_s_002153.png
27299	1	school_bus_s_001114.png
27301	0	safety_bike_s_001715.png
27306	0	bicycle_s_000035.png
27316	3	pickup_s_002305.png
27319	4	freight_train_s_000242.png
27326	0	bicycle_s_002669.png
27345	0	bike_s_002277.png
27347	3	pickup_s_001302.png
27375	0	ordinary_bicycle_s_000265.png
27395	3	pickup_s_002278.png
27425	0	bicycle_s_000369.png
27465	3	pickup_truck_s_000717.png
27488	4	train_s_000004.png
27510	3	pickup_s_000137.png
27516	4	train_s_001423.png
27521	1	bus_s_002173.png
27525	1	bus_s_000596.png
27526	0	velocipede_s_001298.png
27555	1	minibus_s_000399.png
27556	3	pickup_s_001288.png
27567	1	school_bus_s_001120.png
27614	2	minibike_s_001944.png
27617	3	pickup_truck_s_000049.png
27656	2	motorcycle_s_002215.png
27657	3	pickup_s_000708.png
27663	1	minibus_s_000029.png
27665	3	pickup_truck_s_000955.png
27671	4	train_s_003164.png
27685	3	pickup_s_000147.png
27691	0	ordinary_bicycle_s_000008.png
27720	3	pickup_truck_s_000226.png
27734	4	train_s_002411.png
27747	0	bicycle_s_000491.png
27777	2	motorcycle_s_000146.png
27788	2	minibike_s_001261.png
27808	0	safety_bicycle_s_000140.png
27850	4	train_s_001548.png
27865	3	pickup_s_001852.png
27920	2	motorcycle_s_000407.png
27939	3	pickup_s_000019.png
27945	3	pickup_s_000128.png
27961	2	minibike_s_000099.png
27963	2	motorcycle_s_001767.png
27991	1	minibus_s_001094.png
28014	0	safety_bike_s_000263.png
28051	2	motorcycle_s_001205.png
28062	2	motorbike_s_000134.png
28067	0	safety_bike_s_000245.png
28073	2	motorcycle_s_000422.png
28147	2	minibike_s_000800.png
28213	1	minibus_s_000183.png
28259	2	minibike_s_001829.png
28288	3	pickup_truck_s_001284.png
28295	2	minibike_s_002124.png
28311	0	bike_s_001414.png
28312	4	train_s_001785.png
28331	1	minibus_s_000448.png
28334	1	bus_s_001033.png
28335	1	school_bus_s_001594.png
28353	1	school_bus_s_001106.png
28368	2	motorcycle_s_000423.png
28394	4	train_s_002037.png
28396	2	motorcycle_s_001435.png
28421	2	motorcycle_s_001237.png
28424	2	motorcycle_s_001878.png
28500	0	cycle_s_002093.png
28525	4	railroad_train_s_000933.png
28530	0	velocipede_s_000265.png
28541	1	bus_s_001787.png
28559	0	bike_s_001847.png
28571	3	pickup_s_000768.png
28622	4	train_s_002172.png
28624	3	pickup_s_000702.png
28698	0	cycle_s_000463.png
28702	3	pickup_truck_s_001900.png
28716	1	school_bus_s_000443.png
28756	3	pickup_s_000206.png
28765	1	bus_s_000503.png
28777	1	minibus_s_001064.png
28801	1	bus_s_001384.png
28819	1	minibus_s_002169.png
28879	2	motorcycle_s_002140.png
28898	2	motorcycle_s_001246.png
28910	1	bus_s_000073.png
28929	4	train_s_000074.png
28952	1	bus_s_003204.png
28969	4	railroad_train_s_000454.png
28971	1	bus_s_000866.png
29044	0	bike_s_001517.png
29119	2	motorcycle_s_000219.png
29139	4	train_s_000010.png
29151	1	bus_s_001653.png
29166	4	railroad_train_s_000148.png
29180	2	motorbike_s_000501.png
29185	0	velocipede_s_001872.png
29215	4	train_s_002878.png
29219	1	bus_s_000541.png
29236	2	motorcycle_s_001337.png
29237	2	motorcycle_s_000169.png
29245	2	motorcycle_s_000347.png
29246	3	pickup_s_001380.png
29250	1	minibus_s_001818.png
29272	4	freight_train_s_000001.png
29312	3	pickup_truck_s_000155.png
29351	0	ordinary_bicycle_s_000274.png
29355	4	train_s_002318.png
29402	3	pickup_truck_s_000743.png
29404	4	boat_train_s_000464.png
29416	1	bus_s_001721.png
29418	1	school_bus_s_000492.png
29430	0	safety_bicycle_s_000196.png
29451	1	bus_s_000180.png
29515	4	train_s_001576.png
29522	3	pickup_truck_s_001484.png
29534	1	bus_s_000083.png
29550	0	bicycle_s_002049.png
29553	2	minibike_s_000010.png
29586	2	motorcycle_s_002121.png
29621	1	bus_s_000006.png
29649	3	pickup_s_002148.png
29653	3	pickup_truck_s_001805.png
29670	4	train_s_000053.png
29700	3	pickup_truck_s_000632.png
29704	4	railroad_train_s_001737.png
29724	3	pickup_s_000907.png
29738	3	pickup_truck_s_000014.png
29759	3	pickup_s_002055.png
29766	1	school_bus_s_001390.png
29786	1	minibus_s_000199.png
29806	4	train_s_001875.png
29825	2	motorbike_s_000060.png
29857	2	motorbike_s_000534.png
29875	3	pickup_truck_s_002469.png
29883	3	pickup_truck_s_001739.png
29916	1	minibus_s_001272.png
29923	0	ordinary_bicycle_s_000286.png
29933	4	freight_train_s_000179.png
29956	4	train_s_001684.png
29966	0	bicycle_s_000723.png
29988	0	bicycle_s_000066.png
30008	2	motorcycle_s_000741.png
30027	4	car_train_s_000654.png
30047	1	minibus_s_001605.png
30082	3	pickup_truck_s_001729.png
30091	4	car_train_s_000946.png
30094	3	pickup_s_001365.png
30120	3	pickup_truck_s_000244.png
30142	3	pickup_s_001125.png
30168	1	school_bus_s_002034.png
30190	3	pickup_truck_s_002157.png
30191	3	pickup_s_001315.png
30198	4	railroad_train_s_000100.png
30201	1	bus_s_002857.png
30206	4	railroad_train_s_001702.png
30247	2	minibike_s_001168.png
30293	2	bike_s_000001.png
30301	2	minibike_s_001491.png
30311	3	pickup_truck_s_000736.png
30320	3	pickup_s_001177.png
30345	1	bus_s_000457.png
30395	2	motorcycle_s_000430.png
30405	4	railroad_train_s_000911.png
30408	3	pickup_truck_s_002553.png
30458	3	pickup_s_000002.png
30480	3	pickup_truck_s_001346.png
30487	4	train_s_000028.png
30495	1	minibus_s_001817.png
30497	2	motorcycle_s_000026.png
30503	1	school_bus_s_000519.png
30526	0	bicycle_s_002448.png
30584	0	cycle_s_001412.png
30591	3	pickup_truck_s_000474.png
30611	2	motorcycle_s_000714.png
30617	3	pickup_truck_s_000828.png
30648	3	pickup_s_000325.png
30663	3	pickup_s_001866.png
30699	3	pickup_truck_s_000726.png
30851	1	bus_s_002382.png
30867	4	train_s_000101.png
30870	4	train_s_000534.png
30896	3	pickup_truck_s_002544.png
30959	2	motorcycle_s_000319.png
30967	1	minibus_s_001311.png
30971	0	safety_bicycle_s_001254.png
30994	3	pickup_truck_s_000021.png
31026	0	ordinary_bicycle_s_000205.png
31037	1	bus_s_000145.png
31105	0	bicycle_s_002400.png
31109	1	school_bus_s_000317.png
31122	3	pickup_truck_s_002543.png
31152	3	pickup_truck_s_000272.png
31164	2	motorcycle_s_001126.png
31181	0	bike_s_000364.png
31186	3	pickup_truck_s_001421.png
31209	0	ordinary_bicycle_s_000096.png
31230	0	bike_s_000204.png
31243	2	motorcycle_s_001181.png
31260	2	minibike_s_001450.png
31306	3	pickup_truck_s_001626.png
31319	2	minibike_s_000130.png
31336	1	minibus_s_000563.png
31343	2	motorcycle_s_002214.png
31344	1	bus_s_003117.png
31347	1	minibus_s_000023.png
31363	4	train_s_003058.png
31370	2	motorcycle_s_001263.png
31378	2	minibike_s_000568.png
31381	0	bicycle_s_000774.png
31430	3	pickup_s_000924.png
31436	3	pickup_s_001003.png
31470	4	railroad_train_s_000086.png
31476	0	ordinary_bicycle_s_000125.png
31491	3	pickup_truck_s_002142.png
31518	2	minibike_s_001731.png
31528	0	bicycle_s_000243.png
31543	4	train_s_000306.png
31557	3	pickup_truck_s_000143.png
31561	1	trolleybus_s_000210.png
31595	4	train_s_003167.png
31601	2	motorcycle_s_000029.png
31654	0	velocipede_s_000023.png
31692	3	pickup_truck_s_001134.png
31706	2	minibike_s_001701.png
31730	1	trolleybus_s_000138.png
31779	0	ordinary_bicycle_s_000035.png
31874	1	minibus_s_000487.png
31882	0	safety_bike_s_000244.png
31889	0	bicycle_s_000137.png
31900	2	motorbike_s_000331.png
31926	1	bus_s_002448.png
31941	3	pickup_s_000422.png
31954	2	motorcycle_s_000120.png
31956	4	car_train_s_001798.png
31977	3	pickup_s_000565.png
32008	1	trolleybus_s_000335.png
32018	1	minibus_s_001389.png
32023	0	velocipede_s_000989.png
32033	1	school_bus_s_000179.png
32078	2	moped_s_000135.png
32100	4	train_s_000995.png
32143	0	bicycle_s_000569.png
32183	0	safety_bicycle_s_001699.png
32236	4	train_s_003028.png
32257	1	bus_s_000172.png
32288	3	pickup_truck_s_001232.png
32320	0	bicycle_s_000399.png
32321	0	bike_s_002033.png
32325	1	minibus_s_000371.png
32359	3	pickup_s_000381.png
32361	1	minibus_s_000745.png
32364	3	pickup_truck_s_000956.png
32383	3	pickup_s_002227.png
32392	0	ordinary_bicycle_s_000280.png
32407	4	car_train_s_000667.png
32461	3	pickup_s_000700.png
32513	4	railroad_train_s_000067.png
32551	0	bike_s_002283.png
32558	4	railroad_train_s_000790.png
32573	0	cycle_s_001413.png
32617	3	pickup_s_000241.png
32649	1	school_bus_s_000486.png
32652	2	dirt_bike_s_000059.png
32674	2	motorcycle_s_001699.png
32677	2	motorcycle_s_000687.png
32694	4	train_s_001559.png
32701	3	pickup_truck_s_001651.png
32713	0	bike_s_000304.png
32717	3	pickup_truck_s_002356.png
32719	4	freight_train_s_000170.png
32746	2	motorcycle_s_002192.png
32772	3	pickup_s_001284.png
32788	2	motorcycle_s_000887.png
32814	4	train_s_001923.png
32842	0	bike_s_002042.png
32849	0	bicycle_s_000467.png
32860	3	pickup_s_000832.png
32867	3	pickup_truck_s_002472.png
32868	2	motorcycle_s_001706.png
32886	4	railroad_train_s_001132.png
32936	1	bus_s_000072.png
32974	2	minibike_s_002176.png
32988	3	pickup_s_001451.png
32999	0	safety_bicycle_s_000760.png
33007	3	pickup_s_000504.png
33025	0	bicycle_s_000546.png
33026	1	minibus_s_000585.png
33028	3	pickup_truck_s_002424.png
33048	1	minibus_s_000545.png
33060	1	bus_s_000001.png
33063	3	pickup_s_000792.png
33069	1	minibus_s_002280.png
33075	0	safety_bike_s_000158.png
33078	0	bicycle_s_001679.png
33128	2	motorcycle_s_000924.png
33154	4	freight_train_s_000094.png
33170	4	freight_train_s_000077.png
33226	0	bicycle_s_000996.png
33274	2	motorcycle_s_000432.png
33284	1	bus_s_000463.png
33287	1	bus_s_002394.png
33357	1	school_bus_s_001159.png
33374	3	pickup_truck_s_001513.png
33385	0	ordinary_bicycle_s_000277.png
33388	0	bike_s_002164.png
33413	2	minibike_s_000036.png
33457	2	motorbike_s_000062.png
33485	1	bus_s_000210.png
33501	2	motorcycle_s_000133.png
33544	0	safety_bike_s_000328.png
33548	0	safety_bicycle_s_001028.png
33569	2	minibike_s_001506.png
33570	2	motorcycle_s_001549.png
33582	4	train_s_002165.png
33583	1	bus_s_000400.png
33592	1	bus_s_000028.png
33609	0	bike_s_002292.png
33617	3	pickup_truck_s_002481.png
33629	4	railroad_train_s_000743.png
33641	3	pickup_s_001346.png
33651	3	pickup_s_000043.png
33668	2	bike_s_000121.png
33726	3	pickup_s_000459.png
33727	3	pickup_s_000715.png
33739	3	pickup_truck_s_001293.png
33767	1	bus_s_000187.png
33772	1	bus_s_001123.png
33828	4	train_s_002285.png
33843	1	bus_s_001842.png
33845	1	minibus_s_000562.png
33856	2	motorcycle_s_001167.png
33858	0	bicycle_s_000124.png
33867	3	pickup_truck_s_002545.png
33870	2	motorcycle_s_002237.png
33897	4	train_s_000134.png
33899	3	pickup_truck_s_000473.png
33909	4	train_s_002581.png
33916	1	minibus_s_000543.png
33934	3	pickup_s_000971.png
33948	0	velocipede_s_001870.png
34033	3	pickup_s_002026.png
34039	2	moped_s_000119.png
34076	2	minibike_s_000121.png
34107	3	pickup_truck_s_002518.png
34114	4	train_s_002799.png
34145	2	motorcycle_s_000928.png
34150	2	minibike_s_001881.png
34152	4	train_s_001010.png
34171	4	train_s_001920.png
34172	0	bike_s_000679.png
34191	1	bus_s_000524.png
34221	2	motorcycle_s_002183.png
34229	3	pickup_truck_s_001923.png
34241	1	minibus_s_001396.png
34252	1	bus_s_000188.png
34268	4	freight_train_s_000080.png
34317	4	railroad_train_s_000877.png
34346	0	bike_s_000111.png
34354	0	bike_s_001260.png
34391	0	safety_bicycle_s_000660.png
34397	2	motorcycle_s_000695.png
34413	0	safety_bicycle_s_000233.png
34423	1	bus_s_000014.png
34434	2	motorcycle_s_000792.png
34463	4	train_s_000350.png
34468	2	motorcycle_s_000922.png
34469	3	pickup_s_000108.png
34500	0	bicycle_s_002711.png
34563	0	bike_s_000390.png
34611	3	pickup_truck_s_000771.png
34614	2	minibike_s_001094.png
34616	2	minibike_s_000507.png
34625	1	school_bus_s_000104.png
34627	2	motorcycle_s_001213.png
34644	0	bike_s_000154.png
34685	2	motorcycle_s_000223.png
34715	1	minibus_s_000528.png
34717	0	bicycle_s_002661.png
34719	0	safety_bicycle_s_000232.png
34775	1	minibus_s_001169.png
34781	4	train_s_000855.png
34794	0	bicycle_s_001663.png
34808	3	pickup_s_001880.png
34826	2	motorbike_s_000463.png
34861	2	minibike_s_002137.png
34878	1	bus_s_001103.png
34882	0	safety_bicycle_s_001651.png
34903	2	motorcycle_s_000151.png
34913	1	minibus_s_000835.png
34914	4	railroad_train_s_000919.png
34915	1	bus_s_000205.png
34916	2	motorcycle_s_000217.png
34926	1	bus_s_001081.png
34945	0	bike_s_001877.png
34972	3	pickup_truck_s_001911.png
34976	4	train_s_003182.png
34996	1	minibus_s_000518.png
35023	1	bus_s_000967.png
35032	1	bus_s_000008.png
35065	4	railroad_train_s_000597.png
35091	3	pickup_truck_s_001438.png
35094	0	velocipede_s_001278.png
35095	2	minibike_s_001540.png
35179	1	school_bus_s_001370.png
35183	1	school_bus_s_000572.png
35201	1	minibus_s_000619.png
35206	2	minibike_s_001885.png
35210	0	velocipede_s_000012.png
35211	0	bicycle_s_001956.png
35212	0	ordinary_bicycle_s_000098.png
35227	3	pickup_truck_s_001485.png
35238	0	bicycle_s_002725.png
35252	0	velocipede_s_001210.png
35260	4	railroad_train_s_000504.png
35272	3	pickup_s_000579.png
35365	1	minibus_s_000417.png
35368	0	bicycle_s_000039.png
35371	3	pickup_s_001860.png
35404	1	minibus_s_001205.png
35414	3	pickup_s_001561.png
35481	2	motorcycle_s_000654.png
35486	1	school_bus_s_001673.png
35532	1	bus_s_001000.png
35534	1	bus_s_000007.png
35551	3	pickup_truck_s_002775.png
35552	0	safety_bike_s_000079.png
35572	4	freight_train_s_000166.png
35589	2	motorcycle_s_002291.png
35595	1	trolleybus_s_000065.png
35617	0	cycle_s_002168.png
35695	0	bike_s_001078.png
35716	2	motorbike_s_000427.png
35747	2	minibike_s_001921.png
35752	4	freight_train_s_000013.png
35760	2	motorcycle_s_000917.png
35813	0	velocipede_s_001920.png
35816	3	pickup_truck_s_000833.png
35817	0	cycle_s_003026.png
35821	1	minibus_s_000624.png
35858	3	pickup_truck_s_001887.png
35875	4	train_s_002445.png
35876	2	motorcycle_s_000543.png
35880	1	bus_s_000521.png
35887	3	pickup_truck_s_000355.png
35893	1	school_bus_s_001543.png
35928	3	pickup_truck_s_002280.png
35941	3	pickup_s_001585.png
35979	3	pickup_s_001037.png
35988	2	minibike_s_000491.png
36000	4	freight_train_s_000297.png
36005	1	school_bus_s_000620.png
36018	1	minibus_s_000931.png
36022	1	bus_s_000032.png
36054	1	minibus_s_001680.png
36068	4	train_s_002306.png
36091	2	motorcycle_s_001439.png
36107	4	railroad_train_s_000201.png
36139	1	school_bus_s_000130.png
36150	2	minibike_s_002084.png
36173	1	bus_s_000468.png
36188	0	bicycle_s_000775.png
36200	2	motorcycle_s_000262.png
36253	2	moped_s_000237.png
36269	0	bicycle_s_000978.png
36286	0	bike_s_000162.png
36300	3	pickup_truck_s_001557.png
36302	2	motorbike_s_000106.png
36307	3	pickup_s_001273.png
36333	2	motorcycle_s_000136.png
36361	4	train_s_003151.png
36372	4	railroad_train_s_000931.png
36476	2	motorcycle_s_001319.png
36493	0	safety_bicycle_s_000125.png
36494	3	pickup_truck_s_000009.png
36512	0	bicycle_s_001402.png
36530	2	minibike_s_000511.png
36558	3	pickup_s_001614.png
36560	4	train_s_002202.png
36565	4	train_s_001924.png
36576	1	bus_s_000405.png
36582	4	train_s_001514.png
36614	2	motorcycle_s_000332.png
36650	2	motorcycle_s_001315.png
36655	1	bus_s_000044.png
36686	1	school_bus_s_002042.png
36744	0	ordinary_bicycle_s_000031.png
36745	3	pickup_truck_s_000794.png
36769	1	bus_s_000469.png
36884	1	minibus_s_000566.png
36887	3	pickup_s_000292.png
36907	2	motorcycle_s_000353.png
36924	3	pickup_s_000003.png
36957	2	motorcycle_s_000521.png
36996	0	safety_bicycle_s_000860.png
37008	2	motorcycle_s_002153.png
37024	0	safety_bicycle_s_000324.png
37026	1	trolleybus_s_000342.png
37081	0	ordinary_bicycle_s_000112.png
37096	2	motorbike_s_000068.png
37107	1	bus_s_000157.png
37136	4	railroad_train_s_001006.png
37141	4	train_s_000385.png
37180	2	motorcycle_s_002254.png
37194	1	bus_s_000156.png
37210	1	school_bus_s_000132.png
37256	2	motorcycle_s_000989.png
37258	3	pickup_truck_s_000984.png
37276	4	train_s_000008.png
37282	4	railroad_train_s_000261.png
37311	4	train_s_001972.png
37320	3	pickup_truck_s_001066.png
37367	4	train_s_003146.png
37397	3	pickup_s_000805.png
37412	4	railroad_train_s_000383.png
37427	3	pickup_s_000035.png
37429	1	bus_s_000252.png
37435	2	motorcycle_s_000622.png
37439	0	bike_s_000545.png
37452	3	pickup_s_002196.png
37469	0	ordinary_bicycle_s_000099.png
37517	0	safety_bike_s_001257.png
37539	0	bicycle_s_001203.png
37560	0	safety_bicycle_s_001085.png
37568	2	motorcycle_s_002222.png
37569	3	pickup_s_000790.png
37594	0	safety_bicycle_s_001639.png
37595	3	pickup_s_000034.png
37653	3	pickup_truck_s_001427.png
37658	1	school_bus_s_000340.png
37677	3	pickup_s_001212.png
37706	3	pickup_truck_s_000604.png
37709	3	pickup_s_000006.png
37720	1	school_bus_s_000621.png
37733	0	velocipede_s_001222.png
37790	2	minibike_s_000392.png
37814	0	ordinary_bicycle_s_000308.png
37824	3	pickup_truck_s_001537.png
37853	2	motorcycle_s_001896.png
37862	4	train_s_001912.png
37872	2	motorcycle_s_000325.png
37912	0	bicycle_s_000986.png
37918	0	safety_bicycle_s_000373.png
37958	0	safety_bicycle_s_000348.png
37963	4	car_train_s_002189.png
37973	4	train_s_001811.png
37979	4	train_s_002305.png
37983	3	pickup_s_000813.png
38017	0	bicycle_s_002005.png
38021	2	minibike_s_002130.png
38082	1	bus_s_002994.png
38126	0	safety_bike_s_000867.png
38229	0	bicycle_s_002475.png
38230	2	minibike_s_001193.png
38244	3	pickup_truck_s_000813.png
38255	1	bus_s_000333.png
38268	4	railroad_train_s_000912.png
38296	3	pickup_s_002150.png
38322	2	minibike_s_001366.png
38336	3	pickup_s_001171.png
38367	2	motorcycle_s_001711.png
38382	2	minibike_s_001275.png
38391	0	velocipede_s_001907.png
38394	3	pickup_s_000309.png
38400	1	minibus_s_002005.png
38403	1	minibus_s_000156.png
38427	1	bus_s_000655.png
38472	1	trolleybus_s_000264.png
38503	4	railroad_train_s_000217.png
38523	1	minibus_s_000775.png
38540	4	train_s_000990.png
38573	2	motorcycle_s_000207.png
38588	3	pickup_truck_s_001646.png
38641	3	pickup_truck_s_002596.png
38663	3	pickup_truck_s_001366.png
38664	4	car_train_s_000700.png
38666	1	minibus_s_001319.png
38685	1	minibus_s_000306.png
38718	3	pickup_s_000020.png
38752	2	motorcycle_s_001409.png
38759	3	pickup_s_000684.png
38777	1	school_bus_s_001510.png
38795	3	pickup_s_001861.png
38840	3	pickup_truck_s_002541.png
38878	4	train_s_001020.png
38915	0	safety_bicycle_s_000261.png
38923	4	train_s_003107.png
38936	2	minibike_s_000738.png
38948	3	pickup_truck_s_001528.png
38973	2	motorcycle_s_001106.png
39012	1	school_bus_s_001308.png
39026	1	minibus_s_000516.png
39039	4	train_s_001845.png
39041	4	train_s_000050.png
39115	4	train_s_002568.png
39117	0	safety_bike_s_000198.png
39121	4	train_s_001549.png
39126	4	railroad_train_s_000440.png
39131	2	minibike_s_001479.png
39148	3	pickup_s_000564.png
39157	0	velocipede_s_000430.png
39162	3	pickup_truck_s_001910.png
39174	1	bus_s_000286.png
39185	3	pickup_s_000199.png
39186	1	minibus_s_000283.png
39210	4	train_s_003173.png
39276	0	bicycle_s_001409.png
39277	1	minibus_s_001632.png
39282	2	motorcycle_s_000938.png
39287	2	motorcycle_s_000941.png
39310	4	train_s_000038.png
39315	4	railroad_train_s_000111.png
39323	1	bus_s_000031.png
39380	0	bicycle_s_000038.png
39397	2	minibike_s_001016.png
39445	0	velocipede_s_001200.png
39505	1	school_bus_s_001493.png
39524	4	train_s_003119.png
39540	4	train_s_000033.png
39632	0	bike_s_002109.png
39702	3	pickup_truck_s_000637.png
39736	4	train_s_002569.png
39749	1	bus_s_000003.png
39754	0	cycle_s_002092.png
39773	1	bus_s_000575.png
39781	2	motorcycle_s_002066.png
39782	3	pickup_truck_s_000179.png
39787	1	minibus_s_000250.png
39808	1	school_bus_s_000175.png
39848	2	motorcycle_s_001920.png
39877	3	pickup_truck_s_001521.png
39888	3	pickup_truck_s_001801.png
39903	1	minibus_s_001255.png
39915	2	minibike_s_000459.png
39918	1	bus_s_000048.png
39938	1	minibus_s_000693.png
39967	0	bicycle_s_001904.png
39971	3	pickup_s_001450.png
39972	2	minibike_s_001996.png
39990	2	motorcycle_s_001611.png
39995	4	car_train_s_000149.png
40027	4	train_s_002960.png
40041	0	velocipede_s_001141.png
40043	1	minibus_s_002109.png
40047	1	bus_s_002391.png
40050	2	minibike_s_001747.png
40081	0	safety_bicycle_s_001029.png
40139	1	minibus_s_000698.png
40140	3	pickup_s_000557.png
40156	0	ordinary_bicycle_s_000029.png
40170	3	pickup_s_001497.png
40171	2	minibike_s_002163.png
40189	0	safety_bike_s_001148.png
40195	3	pickup_truck_s_000147.png
40209	4	train_s_001231.png
40220	1	school_bus_s_001075.png
40233	3	pickup_truck_s_001865.png
40248	0	cycle_s_003008.png
40282	4	railroad_train_s_001170.png
40283	1	school_bus_s_000688.png
40356	4	train_s_001706.png
40385	3	pickup_truck_s_001070.png
40392	1	minibus_s_001305.png
40455	0	bicycle_s_000099.png
40496	2	minibike_s_000429.png
40505	4	train_s_002808.png
40537	0	bike_s_000003.png
40549	3	pickup_s_000897.png
40561	0	cycle_s_002178.png
40567	4	train_s_002388.png
40595	1	bus_s_000466.png
40599	4	car_train_s_000655.png
40628	4	train_s_001892.png
40644	3	pickup_s_001940.png
40645	1	bus_s_001265.png
40657	4	railroad_train_s_000950.png
40661	1	school_bus_s_002130.png
40679	4	train_s_001654.png
40686	0	cycle_s_000639.png
40746	1	minibus_s_001378.png
40797	2	motorcycle_s_000734.png
40811	4	train_s_000508.png
40892	2	motorcycle_s_000309.png
40943	4	railroad_train_s_001104.png
40951	0	bicycle_s_000371.png
40962	3	pickup_s_001774.png
40991	3	pickup_truck_s_002640.png
41043	2	minibike_s_001270.png
41044	2	minibike_s_000914.png
41048	3	pickup_truck_s_000758.png
41062	1	trolleybus_s_000108.png
41086	2	moped_s_000021.png
41105	4	car_train_s_001292.png
41134	4	boat_train_s_001010.png
41144	2	motorcycle_s_000242.png
41155	4	car_train_s_000560.png
41180	2	minibike_s_000314.png
41215	3	pickup_s_001566.png
41294	2	motorcycle_s_000698.png
41306	2	motorcycle_s_001360.png
41330	4	car_train_s_000010.png
41336	4	train_s_000704.png
41343	0	ordinary_bicycle_s_000157.png
41358	1	minibus_s_001667.png
41387	4	railroad_train_s_000002.png
41397	4	railroad_train_s_001281.png
41401	3	pickup_s_002149.png
41439	2	minibike_s_001838.png
41457	3	pickup_truck_s_001391.png
41467	4	railroad_train_s_000739.png
41515	1	school_bus_s_001881.png
41548	0	bicycle_s_002247.png
41574	3	pickup_truck_s_000501.png
41586	4	train_s_000020.png
41601	4	railroad_train_s_000400.png
41612	2	motorcycle_s_000027.png
41630	4	train_s_000318.png
41694	2	minibike_s_000906.png
41735	0	safety_bicycle_s_000500.png
41744	1	bus_s_000412.png
41782	4	train_s_001789.png
41784	4	train_s_002310.png
41800	2	minibike_s_002146.png
41835	4	railroad_train_s_000826.png
41844	4	railroad_train_s_001429.png
41848	2	motorcycle_s_001242.png
41850	1	trolleybus_s_000080.png
41856	1	minibus_s_002257.png
41875	1	bus_s_000130.png
41913	1	minibus_s_001596.png
41923	3	pickup_truck_s_002446.png
41936	1	minibus_s_001245.png
41944	1	bus_s_000166.png
41982	2	motorcycle_s_001707.png
41990	1	bus_s_001165.png
42010	4	boat_train_s_001033.png
42056	0	cycle_s_003043.png
42107	0	safety_bicycle_s_001109.png
42154	0	bike_s_001131.png
42155	1	minibus_s_000461.png
42183	3	pickup_truck_s_002549.png
42193	2	motorcycle_s_001118.png
42202	4	railroad_train_s_001046.png
42217	4	train_s_001421.png
42277	3	pickup_s_001793.png
42297	1	bus_s_000064.png
42298	3	pickup_truck_s_001797.png
42315	0	bike_s_001418.png
42317	3	pickup_s_000207.png
42359	3	pickup_truck_s_001807.png
42381	4	railroad_train_s_000242.png
42401	1	bus_s_002891.png
42425	4	train_s_000261.png
42499	0	bicycle_s_002550.png
42506	1	minibus_s_001198.png
42532	1	minibus_s_001163.png
42539	0	bicycle_s_002100.png
42543	2	motorcycle_s_000933.png
42570	0	bicycle_s_002624.png
42604	1	bus_s_000287.png
42613	0	safety_bicycle_s_001063.png
42620	4	railroad_train_s_001009.png
42665	1	bus_s_000415.png
42732	2	motorbike_s_000361.png
42739	4	freight_train_s_000402.png
42768	0	safety_bicycle_s_000193.png
42770	1	bus_s_002064.png
42781	4	train_s_000624.png
42790	3	pickup_s_001581.png
42827	3	pickup_s_000148.png
42856	0	safety_bicycle_s_000092.png
42861	2	motorcycle_s_000009.png
42876	1	bus_s_000397.png
42892	0	bicycle_s_001554.png
42982	4	railroad_train_s_000191.png
42995	2	motorcycle_s_001297.png
43019	1	bus_s_000569.png
43023	1	minibus_s_002136.png
43033	0	safety_bicycle_s_000296.png
43038	1	minibus_s_002057.png
43052	0	safety_bike_s_001371.png
43087	3	pickup_s_000817.png
43092	4	train_s_002284.png
43110	3	pickup_s_000360.png
43185	4	train_s_000180.png
43195	1	minibus_s_001154.png
43218	4	railroad_train_s_000042.png
43220	3	pickup_s_000981.png
43222	1	bus_s_000026.png
43282	4	train_s_000811.png
43316	0	bicycle_s_001569.png
43338	2	motorcycle_s_001536.png
43343	0	safety_bicycle_s_001659.png
43395	4	train_s_001125.png
43412	0	ordinary_bicycle_s_000102.png
43421	3	pickup_s_000411.png
43422	0	bike_s_002215.png
43434	0	bicycle_s_002410.png
43464	0	cycle_s_003147.png
43468	0	bicycle_s_002759.png
43481	2	minibike_s_000335.png
43496	1	school_bus_s_000909.png
43509	3	pickup_truck_s_000230.png
43520	1	bus_s_000988.png
43536	1	minibus_s_002199.png
43545	1	minibus_s_000401.png
43550	0	safety_bike_s_000848.png
43559	0	velocipede_s_000807.png
43567	1	minibus_s_001927.png
43573	0	bike_s_000024.png
43592	4	railroad_train_s_000041.png
43593	2	minibike_s_000435.png
43594	2	minibike_s_001498.png
43598	3	pickup_truck_s_000976.png
43641	4	car_train_s_001772.png
43685	1	minibus_s_000427.png
43688	0	velocipede_s_001166.png
43762	2	motorcycle_s_001012.png
43825	4	train_s_001694.png
43847	0	velocipede_s_000330.png
43860	1	bus_s_002509.png
43895	2	motorcycle_s_000032.png
43925	4	train_s_000222.png
43951	1	minibus_s_000991.png
43957	3	pickup_s_002035.png
43961	3	pickup_truck_s_000225.png
43981	2	minibike_s_001597.png
44000	2	motorcycle_s_002298.png
44015	2	minibike_s_000102.png
44027	3	pickup_truck_s_000983.png
44047	3	pickup_s_000139.png
44060	1	bus_s_000159.png
44076	4	freight_train_s_000081.png
44089	1	school_bus_s_000716.png
44108	1	school_bus_s_000691.png
44142	2	motorcycle_s_001507.png
44146	4	train_s_001424.png
44175	3	pickup_truck_s_002445.png
44223	3	pickup_s_001853.png
44252	4	railroad_train_s_000154.png
44289	1	minibus_s_000840.png
44291	2	motorbike_s_000022.png
44296	1	bus_s_000523.png
44299	1	bus_s_002451.png
44300	2	motorcycle_s_000594.png
44320	4	car_train_s_000580.png
44351	2	minibike_s_001539.png
44403	4	car_train_s_000725.png
44423	0	bicycle_s_001228.png
44432	4	train_s_002016.png
44446	4	train_s_003057.png
44462	1	bus_s_000310.png
44464	2	minibike_s_001344.png
44468	2	motorcycle_s_002271.png
44490	1	bus_s_001959.png
44506	2	motorcycle_s_000791.png
44538	4	freight_train_s_000272.png
44543	0	ordinary_bicycle_s_000218.png
44551	2	motorcycle_s_000221.png
44553	2	minibike_s_001691.png
44566	1	minibus_s_000443.png
44575	4	railroad_train_s_001062.png
44590	4	train_s_001520.png
44599	4	train_s_000041.png
44604	4	car_train_s_000719.png
44608	4	train_s_001543.png
44635	2	motorcycle_s_001209.png
44658	3	pickup_s_001562.png
44666	0	ordinary_bicycle_s_000101.png
44668	1	minibus_s_000163.png
44678	2	motorcycle_s_001326.png
44698	1	school_bus_s_000637.png
44702	2	minibike_s_001249.png
44705	3	pickup_s_002040.png
44709	0	bicycle_s_000408.png
44710	3	pickup_s_001603.png
44713	1	minibus_s_001638.png
44748	4	train_s_001416.png
44762	1	school_bus_s_000679.png
44848	3	pickup_s_000132.png
44862	2	minibike_s_000520.png
44863	2	minibike_s_002218.png
44892	4	car_train_s_001480.png
44927	2	minibike_s_001458.png
44943	3	pickup_truck_s_000970.png
44944	1	minibus_s_001344.png
44956	4	railroad_train_s_000910.png
44967	2	moped_s_000034.png
45007	1	minibus_s_001559.png
45046	2	motorbike_s_000119.png
45059	3	pickup_truck_s_002563.png
45070	1	bus_s_000467.png
45191	2	motorcycle_s_001027.png
45203	1	bus_s_000011.png
45206	3	pickup_s_001159.png
45233	0	cycle_s_001477.png
45303	3	pickup_truck_s_002674.png
45307	4	train_s_000589.png
45318	1	minibus_s_000798.png
45324	1	minibus_s_001641.png
45327	4	railroad_train_s_000101.png
45330	3	pickup_s_001772.png
45336	2	motorcycle_s_001710.png
45349	4	railroad_train_s_000044.png
45350	3	pickup_truck_s_002519.png
45379	4	railroad_train_s_000741.png
45393	2	minibike_s_000434.png
45412	3	pickup_s_000324.png
45442	2	motorcycle_s_000979.png
45449	0	safety_bike_s_001289.png
45460	3	pickup_truck_s_000681.png
45461	0	safety_bike_s_001560.png
45483	2	minibike_s_000011.png
45489	0	bicycle_s_001642.png
45529	2	minibike_s_000527.png
45572	4	train_s_000498.png
45604	1	bus_s_000904.png
45605	0	bicycle_s_001245.png
45608	1	bus_s_000046.png
45638	0	bike_s_000934.png
45644	4	railroad_train_s_000051.png
45673	0	velocipede_s_001244.png
45676	0	velocipede_s_001882.png
45687	3	pickup_s_001026.png
45692	0	bike_s_001683.png
45708	4	car_train_s_000309.png
45716	4	railroad_train_s_000967.png
45728	1	bus_s_002693.png
45763	2	minibike_s_000127.png
45769	0	bicycle_s_001002.png
45797	3	pickup_truck_s_001307.png
45807	2	moped_s_000044.png
45818	4	train_s_000497.png
45834	1	school_bus_s_000335.png
45847	2	bike_s_000025.png
45859	2	minibike_s_000690.png
45862	4	train_s_001365.png
45869	1	minibus_s_001003.png
45879	3	pickup_s_000172.png
45913	4	freight_train_s_000169.png
45927	4	train_s_001135.png
45950	2	minibike_s_000022.png
45965	3	pickup_s_000789.png
45980	1	bus_s_002932.png
45985	3	pickup_truck_s_002202.png
46004	4	railroad_train_s_000800.png
46022	2	motorcycle_s_001196.png
46030	4	train_s_002561.png
46080	3	pickup_truck_s_001341.png
46081	1	bus_s_001151.png
46106	0	ordinary_bicycle_s_000269.png
46129	1	minibus_s_000176.png
46145	1	minibus_s_000583.png
46157	0	cycle_s_002503.png
46161	0	ordinary_bicycle_s_000097.png
46186	0	safety_bike_s_000009.png
46203	0	safety_bike_s_000015.png
46216	3	pickup_s_002076.png
46223	1	bus_s_000446.png
46249	4	train_s_000293.png
46260	4	car_train_s_001205.png
46287	4	railroad_train_s_001323.png
46288	2	minibike_s_000613.png
46301	3	pickup_s_000460.png
46304	4	train_s_003063.png
46316	2	motorcycle_s_001017.png
46363	2	minibike_s_000203.png
46376	1	school_bus_s_000709.png
46389	0	velocipede_s_001489.png
46406	3	pickup_s_001987.png
46515	2	minibike_s_000813.png
46533	4	train_s_000002.png
46535	3	pickup_truck_s_002273.png
46561	4	railroad_train_s_001168.png
46570	0	safety_bicycle_s_000425.png
46607	3	pickup_s_000699.png
46623	4	boat_train_s_000255.png
46647	1	school_bus_s_000838.png
46662	4	train_s_000358.png
46667	2	motorcycle_s_001622.png
46675	2	motorcycle_s_000593.png
46705	1	bus_s_002821.png
46724	2	minibike_s_000116.png
46770	4	railroad_train_s_000561.png
46785	2	motorcycle_s_001563.png
46835	4	freight_train_s_000223.png
46859	3	pickup_s_000703.png
46899	0	cycle_s_001875.png
46922	0	safety_bike_s_001590.png
46950	1	minibus_s_000959.png
46955	2	minibike_s_000830.png
46977	4	train_s_001755.png
46996	2	minibike_s_000570.png
47002	3	pickup_s_001573.png
47046	3	pickup_truck_s_001314.png
47072	3	pickup_s_001554.png
47089	1	bus_s_002691.png
47140	4	railroad_train_s_000740.png
47160	3	pickup_truck_s_000987.png
47166	4	car_train_s_001202.png
47175	0	bike_s_001380.png
47180	2	moped_s_000236.png
47182	1	minibus_s_000198.png
47271	1	minibus_s_001330.png
47302	2	motorcycle_s_000339.png
47328	4	railroad_train_s_001023.png
47333	4	railroad_train_s_000562.png
47344	0	safety_bike_s_001465.png
47374	2	motorcycle_s_001714.png
47466	2	minibike_s_001191.png
47469	0	cycle_s_002882.png
47489	3	pickup_truck_s_001110.png
47510	0	bicycle_s_000822.png
47519	0	bike_s_001827.png
47567	0	ordinary_bicycle_s_000110.png
47612	1	minibus_s_000052.png
47619	4	train_s_001337.png
47697	3	pickup_truck_s_002253.png
47701	4	train_s_002418.png
47708	3	pickup_truck_s_001879.png
47721	2	minibike_s_000293.png
47724	1	school_bus_s_000350.png
47742	1	bus_s_000204.png
47772	2	motorcycle_s_000249.png
47784	1	minibus_s_000685.png
47791	1	school_bus_s_001693.png
47792	0	ordinary_bicycle_s_000154.png
47819	1	minibus_s_002190.png
47840	3	pickup_truck_s_002687.png
47888	2	motorcycle_s_001527.png
47911	1	trolleybus_s_000007.png
47974	4	railroad_train_s_000978.png
48026	3	pickup_s_000071.png
48028	2	motorcycle_s_001033.png
48044	2	motorcycle_s_001709.png
48045	0	bicycle_s_001348.png
48089	2	minibike_s_002194.png
48112	2	minibike_s_001079.png
48123	3	pickup_truck_s_000079.png
48124	1	minibus_s_001541.png
48198	0	bicycle_s_000017.png
48220	2	minibike_s_001638.png
48222	1	school_bus_s_000171.png
48236	4	railroad_train_s_000865.png
48248	4	railroad_train_s_001053.png
48271	2	motorcycle_s_001587.png
48294	3	pickup_s_000506.png
48295	2	motorcycle_s_000486.png
48319	3	pickup_s_000527.png
48325	1	bus_s_000209.png
48336	3	pickup_s_000048.png
48375	2	minibike_s_001880.png
48435	4	freight_train_s_000088.png
48526	1	minibus_s_000166.png
48543	3	pickup_truck_s_000530.png
48546	2	dirt_bike_s_000003.png
48553	0	bike_s_000336.png
48575	2	minibike_s_002115.png
48614	1	bus_s_000586.png
48616	1	school_bus_s_001104.png
48714	3	pickup_truck_s_001290.png
48760	2	motorbike_s_000449.png
48809	3	pickup_s_001064.png
48816	3	pickup_truck_s_000022.png
48837	2	motorcycle_s_000304.png
48838	1	school_bus_s_001755.png
48850	1	bus_s_001644.png
48857	3	pickup_truck_s_000613.png
48887	2	motorcycle_s_000022.png
48941	2	motorcycle_s_001623.png
48958	2	motorbike_s_000223.png
48980	2	motorcycle_s_000290.png
48983	3	pickup_s_000576.png
49007	4	train_s_000897.png
49010	4	train_s_001371.png
49027	3	pickup_truck_s_000056.png
49052	1	bus_s_003152.png
49099	4	train_s_000334.png
49151	0	safety_bicycle_s_001327.png
49161	3	pickup_s_002157.png
49162	1	bus_s_000411.png
49172	0	bike_s_002288.png
49173	1	minibus_s_000354.png
49176	2	minibike_s_000569.png
49192	0	bike_s_002047.png
49197	3	pickup_truck_s_001396.png
49198	1	bus_s_001491.png
49206	1	minibus_s_002098.png
49234	3	pickup_s_000318.png
49239	1	school_bus_s_000278.png
49249	2	motorcycle_s_002031.png
49279	4	train_s_001907.png
49293	1	bus_s_000317.png
49296	1	school_bus_s_000205.png
49301	3	pickup_s_002315.png
49313	4	railroad_train_s_000062.png
49326	1	minibus_s_000105.png
49359	1	minibus_s_000921.png
49387	4	train_s_000629.png
49424	3	pickup_s_001476.png
49452	2	bike_s_000062.png
49468	4	car_train_s_001439.png
49485	0	cycle_s_000871.png
49492	2	motorcycle_s_001778.png
49578	0	velocipede_s_000010.png
49588	2	motorcycle_s_001247.png
49597	1	minibus_s_000301.png
49640	3	pickup_s_000407.png
49691	4	train_s_002440.png
49712	4	train_s_001245.png
49797	3	pickup_truck_s_000169.png
49822	1	minibus_s_001441.png
49829	3	pickup_s_001318.png
49849	1	trolleybus_s_000194.png
49882	2	motorcycle_s_000724.png
49933	4	freight_train_s_000219.png
49937	4	train_s_002255.png
49947	3	pickup_s_001697.png
49962	0	velocipede_s_001637.png
49970	4	train_s_000463.png
49985	2	motorcycle_s_000291.png
